2025-12-09 18:38:33, MOVE, v:1, k:poo@zoo, mode:PICK
2025-12-09 18:39:32, EXEC, v:1, k:poo@zoo, mode:LOCK, rate:100
2025-12-09 18:39:32, EXEC, v:1, k:poo@zoo, mode:LOCK, rate:100
2025-12-09 18:39:32, EXEC, v:1, k:poo@zoo, mode:LOCK, rate:100
2025-12-09 18:52:53, EXEC, v:1, k:poo@zoo, mode:LOCK, rate:100, size:23
2025-12-09 19:15:22, EXEC, v:1, k:poo@zoo, mode:LOCK, rate:100, size:57
2025-12-09 19:15:24, EXEC, v:1, k:poo@zoo, mode:LOCK, rate:100
2025-12-09 19:15:24, EXEC, v:1, k:poo@zoo, mode:LOCK, rate:100
2025-12-09 19:23:29, EXEC, v:1, k:poo@zoo, mode:LOCK, rate:0, size:63
2025-12-09 19:23:51, MOVE, v:1, k:poo@zoo, mode:BACK
2025-12-09 19:23:57, MOVE, v:1, k:poo@zoo, mode:PICK
2025-12-09 19:23:57, EXEC, v:1, k:poo@zoo, mode:LOCK, rate:0
2025-12-09 19:23:58, EXEC, v:1, k:poo@zoo, mode:LOCK, rate:0
2025-12-09 19:23:58, EXEC, v:1, k:poo@zoo, mode:LOCK, rate:0
2025-12-09 19:23:59, EXEC, v:1, k:poo@zoo, mode:LOCK, rate:0
2025-12-09 19:23:59, EXEC, v:1, k:poo@zoo, mode:LOCK, rate:0
2025-12-09 19:23:59, EXEC, v:1, k:poo@zoo, mode:LOCK, rate:0
2025-12-09 19:23:59, EXEC, v:1, k:poo@zoo, mode:LOCK, rate:0
2025-12-09 19:24:00, EXEC, v:1, k:poo@zoo, mode:LOCK, rate:0
2025-12-09 19:24:00, EXEC, v:1, k:poo@zoo, mode:LOCK, rate:0
2025-12-09 19:24:00, EXEC, v:1, k:poo@zoo, mode:LOCK, rate:0
2025-12-09 19:24:00, EXEC, v:1, k:poo@zoo, mode:LOCK, rate:0
2025-12-09 19:24:00, EXEC, v:1, k:poo@zoo, mode:LOCK, rate:0
2025-12-09 19:24:01, EXEC, v:1, k:poo@zoo, mode:LOCK, rate:0
2025-12-09 19:24:01, EXEC, v:1, k:poo@zoo, mode:LOCK, rate:0
2025-12-09 19:24:01, EXEC, v:1, k:poo@zoo, mode:LOCK, rate:0
2025-12-09 19:24:01, EXEC, v:1, k:poo@zoo, mode:LOCK, rate:0
2025-12-09 19:24:01, EXEC, v:1, k:poo@zoo, mode:LOCK, rate:0
2025-12-09 19:24:01, EXEC, v:1, k:poo@zoo, mode:LOCK, rate:0
2025-12-09 19:24:02, MOVE, v:1, k:poo@zoo, mode:BACK
2025-12-09 19:24:45, MOVE, v:1, k:poo@pagamento, mode:PICK
2025-12-09 19:24:46, EXEC, v:1, k:poo@pagamento, mode:LOCK, rate:100, size:50
2025-12-09 19:56:39, EXEC, v:1, k:poo@pagamento, mode:LOCK, rate:0, size:50
2025-12-09 20:03:55, EXEC, v:1, k:poo@pagamento, mode:LOCK, rate:100, size:57
2025-12-09 20:07:48, MOVE, v:1, k:poo@pagamento, mode:BACK
